The custom key 0xfc00018778f7 has been added to the default keys
The custom key 0x0297927c0f77 has been added to the default keys
The custom key 0x722bfcc5375f has been added to the default keys
    ATQA (SENS_RES): 00  02  
* UID size: single
* bit frame anticollision supported
       UID (NFCID1): 1b  ac  09  55  
      SAK (SEL_RES): 18  
* Not compliant with ISO/IEC 14443-4
* Not compliant with ISO/IEC 18092
Fingerprinting based on ATQA & SAK values:
* Mifare Classic 4K
* SmartMX with Mifare 4K emulation
[Key: fc00018778f7] -> [////////.............................../]
[Key: 0297927c0f77] -> [/////////////........................../]
[Key: 722bfcc5375f] -> [////////////////////////////////////////]
[Key: ffffffffffff] -> [////////////////////////////////////////]
[Key: a0a1a2a3a4a5] -> [////////////////////////////////////////]
[Key: d3f7d3f7d3f7] -> [////////////////////////////////////////]
[Key: 000000000000] -> [////////////////////////////////////////]
[Key: b0b1b2b3b4b5] -> [////////////////////////////////////////]
[Key: 4d3a99c351dd] -> [////////////////////////////////////////]
[Key: 1a982c7e459a] -> [////////////////////////////////////////]
[Key: aabbccddeeff] -> [////////////////////////////////////////]
[Key: 714c5c886e97] -> [////////////////////////////////////////]
[Key: 587ee5f9350f] -> [////////////////////////////////////////]
[Key: a0478cc39091] -> [////////////////////////////////////////]
[Key: 533cb6c723f6] -> [////////////////////////////////////////]
[Key: 8fd0a4f256e9] -> [////////////////////////////////////////]

Sector 00 -  FOUND_KEY   [A]  Sector 00 -  UNKNOWN_KEY [B]  
Sector 01 -  FOUND_KEY   [A]  Sector 01 -  UNKNOWN_KEY [B]  
Sector 02 -  FOUND_KEY   [A]  Sector 02 -  UNKNOWN_KEY [B]  
Sector 03 -  FOUND_KEY   [A]  Sector 03 -  UNKNOWN_KEY [B]  
Sector 04 -  FOUND_KEY   [A]  Sector 04 -  UNKNOWN_KEY [B]  
Sector 05 -  FOUND_KEY   [A]  Sector 05 -  UNKNOWN_KEY [B]  
Sector 06 -  FOUND_KEY   [A]  Sector 06 -  UNKNOWN_KEY [B]  
Sector 07 -  FOUND_KEY   [A]  Sector 07 -  UNKNOWN_KEY [B]  
Sector 08 -  FOUND_KEY   [A]  Sector 08 -  UNKNOWN_KEY [B]  
Sector 09 -  FOUND_KEY   [A]  Sector 09 -  UNKNOWN_KEY [B]  
Sector 10 -  FOUND_KEY   [A]  Sector 10 -  UNKNOWN_KEY [B]  
Sector 11 -  FOUND_KEY   [A]  Sector 11 -  UNKNOWN_KEY [B]  
Sector 12 -  FOUND_KEY   [A]  Sector 12 -  UNKNOWN_KEY [B]  
Sector 13 -  FOUND_KEY   [A]  Sector 13 -  UNKNOWN_KEY [B]  
Sector 14 -  FOUND_KEY   [A]  Sector 14 -  UNKNOWN_KEY [B]  
Sector 15 -  FOUND_KEY   [A]  Sector 15 -  UNKNOWN_KEY [B]  
Sector 16 -  FOUND_KEY   [A]  Sector 16 -  UNKNOWN_KEY [B]  
Sector 17 -  FOUND_KEY   [A]  Sector 17 -  UNKNOWN_KEY [B]  
Sector 18 -  FOUND_KEY   [A]  Sector 18 -  UNKNOWN_KEY [B]  
Sector 19 -  FOUND_KEY   [A]  Sector 19 -  UNKNOWN_KEY [B]  
Sector 20 -  FOUND_KEY   [A]  Sector 20 -  UNKNOWN_KEY [B]  
Sector 21 -  FOUND_KEY   [A]  Sector 21 -  UNKNOWN_KEY [B]  
Sector 22 -  FOUND_KEY   [A]  Sector 22 -  UNKNOWN_KEY [B]  
Sector 23 -  FOUND_KEY   [A]  Sector 23 -  UNKNOWN_KEY [B]  
Sector 24 -  FOUND_KEY   [A]  Sector 24 -  UNKNOWN_KEY [B]  
Sector 25 -  FOUND_KEY   [A]  Sector 25 -  UNKNOWN_KEY [B]  
Sector 26 -  FOUND_KEY   [A]  Sector 26 -  UNKNOWN_KEY [B]  
Sector 27 -  FOUND_KEY   [A]  Sector 27 -  UNKNOWN_KEY [B]  
Sector 28 -  FOUND_KEY   [A]  Sector 28 -  UNKNOWN_KEY [B]  
Sector 29 -  FOUND_KEY   [A]  Sector 29 -  UNKNOWN_KEY [B]  
Sector 30 -  FOUND_KEY   [A]  Sector 30 -  UNKNOWN_KEY [B]  
Sector 31 -  FOUND_KEY   [A]  Sector 31 -  UNKNOWN_KEY [B]  
Sector 32 -  FOUND_KEY   [A]  Sector 32 -  UNKNOWN_KEY [B]  
Sector 33 -  FOUND_KEY   [A]  Sector 33 -  UNKNOWN_KEY [B]  
Sector 34 -  FOUND_KEY   [A]  Sector 34 -  UNKNOWN_KEY [B]  
Sector 35 -  FOUND_KEY   [A]  Sector 35 -  UNKNOWN_KEY [B]  
Sector 36 -  FOUND_KEY   [A]  Sector 36 -  UNKNOWN_KEY [B]  
Sector 37 -  FOUND_KEY   [A]  Sector 37 -  UNKNOWN_KEY [B]  
Sector 38 -  FOUND_KEY   [A]  Sector 38 -  UNKNOWN_KEY [B]  
Sector 39 -  FOUND_KEY   [A]  Sector 39 -  UNKNOWN_KEY [B]  


Using sector 00 as an exploit sector
Sector: 0, type B, probe 0, distance 9429 .....
Found Key: B [00000ffe2488]
Sector: 1, type B
Found Key: B [00000ffe2488]
Sector: 2, type B
Found Key: B [00000ffe2488]
Sector: 3, type B
Found Key: B [00000ffe2488]
Sector: 4, type B
Found Key: B [00000ffe2488]
Sector: 5, type B
Found Key: B [00000ffe2488]
Sector: 6, type B
Found Key: B [00000ffe2488]
Sector: 7, type B
Found Key: B [00000ffe2488]
Sector: 8, type B, probe 0, distance 9411 .....
Sector: 8, type B, probe 1, distance 9417 .....
Sector: 8, type B, probe 2, distance 10217 .....
Sector: 8, type B, probe 3, distance 10221 .....
Sector: 8, type B, probe 4, distance 9417 .....
Sector: 8, type B, probe 5, distance 9419 .....
Sector: 8, type B, probe 6, distance 9413 .....
Sector: 8, type B, probe 7, distance 10219 .....
Sector: 8, type B, probe 8, distance 10217 .....
Sector: 8, type B, probe 9, distance 9415 .....
Found Key: B [ee0042f88840]
Sector: 9, type B
Found Key: B [ee0042f88840]
Sector: 10, type B
Found Key: B [ee0042f88840]
Sector: 11, type B
Found Key: B [ee0042f88840]
Sector: 12, type B
Found Key: B [ee0042f88840]
Sector: 13, type B, probe 0, distance 9409 .....
Sector: 13, type B, probe 1, distance 9415 .....
Sector: 13, type B, probe 2, distance 10223 .....
Sector: 13, type B, probe 3, distance 10221 .....
Sector: 13, type B, probe 4, distance 10235 .....
Sector: 13, type B, probe 5, distance 10233 .....
Sector: 13, type B, probe 6, distance 9413 .....
Sector: 13, type B, probe 7, distance 10225 .....
Sector: 13, type B, probe 8, distance 10225 .....
Sector: 13, type B, probe 9, distance 9419 .....
Sector: 13, type B, probe 10, distance 10267 .....
Sector: 13, type B, probe 11, distance 9417 .....
Sector: 13, type B, probe 12, distance 10269 .....
Sector: 13, type B, probe 13, distance 10263 .....
Sector: 13, type B, probe 14, distance 9419 .....
Sector: 13, type B, probe 15, distance 9411 .....
Found Key: B [f1d83f964314]
Sector: 14, type B
Found Key: B [f1d83f964314]
Sector: 15, type B
Found Key: B [f1d83f964314]
Sector: 16, type B
Found Key: B [f1d83f964314]
Sector: 17, type B
Found Key: B [f1d83f964314]
Sector: 18, type B
Found Key: B [f1d83f964314]
Sector: 19, type B
Found Key: B [f1d83f964314]
Sector: 20, type B
Found Key: B [f1d83f964314]
Sector: 21, type B
Found Key: B [f1d83f964314]
Sector: 22, type B
Found Key: B [f1d83f964314]
Sector: 23, type B
Found Key: B [f1d83f964314]
Sector: 24, type B
Found Key: B [f1d83f964314]
Sector: 25, type B
Found Key: B [f1d83f964314]
Sector: 26, type B
Found Key: B [f1d83f964314]
Sector: 27, type B
Found Key: B [f1d83f964314]
Sector: 28, type B
Found Key: B [f1d83f964314]
Sector: 29, type B
Found Key: B [f1d83f964314]
Sector: 30, type B
Found Key: B [f1d83f964314]
Sector: 31, type B
Found Key: B [f1d83f964314]
Sector: 32, type B
Found Key: B [f1d83f964314]
Sector: 33, type B
Found Key: B [f1d83f964314]
Sector: 34, type B
Found Key: B [f1d83f964314]
Sector: 35, type B
Found Key: B [f1d83f964314]
Sector: 36, type B
Found Key: B [f1d83f964314]
Sector: 37, type B
Found Key: B [f1d83f964314]
Sector: 38, type B
Found Key: B [f1d83f964314]
Sector: 39, type B
Found Key: B [00000ffe2488]
Auth with all sectors succeeded, dumping keys to a file!
Block 255, type A, key fc00018778f7 :00  00  00  00  00  00  78  77  88  00  00  00  00  00  00  00  
Block 254, type A, key fc00018778f7 :00  95  85  27  00  00  30  84  30  00  00  00  00  00  00  00  
Block 253, type A, key fc00018778f7 :00  00  00  00  00  00  00  00  00  00  00  00  00  00  00  00  
Block 252, type A, key fc00018778f7 :00  00  00  00  00  00  00  00  00  00  00  00  00  00  00  00  
Block 251, type A, key fc00018778f7 :d0  47  00  00  00  00  00  00  00  00  00  00  00  00  00  51  
Block 250, type A, key fc00018778f7 :0e  00  00  0e  20  00  02  b0  ac  0f  00  00  d0  07  00  b9  
Block 249, type A, key fc00018778f7 :03  00  00  0a  00  00  0a  50  00  02  c0  99  0b  00  00  cc  
Block 248, type A, key fc00018778f7 :00  00  00  00  00  00  00  00  00  00  00  00  00  00  00  0b  
Block 247, type A, key fc00018778f7 :00  00  00  00  00  00  00  00  00  00  00  00  00  00  00  0b  
Block 246, type A, key fc00018778f7 :d0  37  00  00  00  00  00  00  00  00  00  00  00  00  00  83  
Block 245, type A, key fc00018778f7 :0e  00  00  0e  20  00  0f  00  00  02  30  82  d0  07  00  51  
Block 244, type A, key fc00018778f7 :03  00  00  0a  00  00  0a  50  00  02  c0  99  0b  00  00  cc  
Block 243, type A, key fc00018778f7 :54  06  00  00  00  00  00  00  00  00  00  00  00  00  e7  41  
Block 242, type A, key fc00018778f7 :a0  82  00  00  02  42  00  00  00  00  c0  20  01  93  10  32  
Block 241, type A, key fc00018778f7 :54  06  00  00  00  00  00  00  00  00  00  00  00  00  31  16  
Block 240, type A, key fc00018778f7 :a0  82  00  00  01  42  00  00  00  00  c0  e0  40  93  10  32  
Block 239, type A, key 722bfcc5375f :00  00  00  00  00  00  78  77  88  00  00  00  00  00  00  00  
Block 238, type A, key 722bfcc5375f :00  00  00  00  00  00  00  00  00  00  00  00  00  00  00  00  
Block 237, type A, key 722bfcc5375f :00  00  00  00  00  00  00  00  00  00  00  00  00  00  00  00  
Block 236, type A, key 722bfcc5375f :00  00  00  00  00  00  00  00  00  00  00  00  00  00  00  00  
Block 235, type A, key 722bfcc5375f :00  00  00  00  00  00  00  00  00  00  00  00  00  00  00  00  
Block 234, type A, key 722bfcc5375f :00  00  00  00  00  00  00  00  00  00  00  00  00  00  00  00  
Block 233, type A, key 722bfcc5375f :08  00  00  00  00  00  00  00  00  00  00  00  00  00  22  64  
Block 232, type A, key 722bfcc5375f :00  00  00  00  00  00  00  00  00  00  00  00  00  00  00  00  
Block 231, type A, key 722bfcc5375f :00  00  00  00  00  00  00  00  00  00  00  00  00  00  00  00  
Block 230, type A, key 722bfcc5375f :a3  03  00  00  00  00  00  00  00  00  00  00  00  00  00  00  
Block 229, type A, key 722bfcc5375f :00  00  00  00  00  00  00  00  00  00  00  00  00  00  00  00  
Block 228, type A, key 722bfcc5375f :00  00  00  00  00  00  00  00  00  00  00  00  00  00  00  00  
Block 227, type A, key 722bfcc5375f :08  00  00  00  00  00  00  00  00  00  00  00  00  00  22  64  
Block 226, type A, key 722bfcc5375f :00  00  00  00  00  00  00  00  00  00  00  00  00  00  00  00  
Block 225, type A, key 722bfcc5375f :00  00  00  00  00  00  00  00  00  00  00  00  00  00  00  00  
Block 224, type A, key 722bfcc5375f :a3  03  00  00  00  00  00  00  00  00  00  00  00  00  00  00  
Block 223, type A, key 722bfcc5375f :00  00  00  00  00  00  78  77  88  00  00  00  00  00  00  00  
Block 222, type A, key 722bfcc5375f :00  00  00  00  00  00  00  00  00  00  00  00  00  00  00  00  
Block 221, type A, key 722bfcc5375f :00  00  00  00  00  00  00  00  00  00  00  00  00  00  00  00  
Block 220, type A, key 722bfcc5375f :08  00  00  00  00  00  00  00  00  00  00  00  00  00  22  64  
Block 219, type A, key 722bfcc5375f :00  00  00  00  00  00  00  00  00  00  00  00  00  00  00  00  
Block 218, type A, key 722bfcc5375f :00  00  00  00  00  00  00  00  00  00  00  00  00  00  00  00  
Block 217, type A, key 722bfcc5375f :a3  03  00  00  00  00  00  00  00  00  00  00  00  00  00  00  
Block 216, type A, key 722bfcc5375f :00  00  00  00  00  00  00  00  00  00  00  00  00  00  00  00  
Block 215, type A, key 722bfcc5375f :00  00  00  00  00  00  00  00  00  00  00  00  00  00  00  00  
Block 214, type A, key 722bfcc5375f :08  00  00  00  00  00  00  00  00  00  00  00  00  00  22  64  
Block 213, type A, key 722bfcc5375f :00  00  00  00  00  00  00  00  00  00  00  00  00  00  00  00  
Block 212, type A, key 722bfcc5375f :00  00  00  00  00  00  00  00  00  00  00  00  00  00  00  00  
Block 211, type A, key 722bfcc5375f :a3  03  00  00  00  00  00  00  00  00  00  00  00  00  00  00  
Block 210, type A, key 722bfcc5375f :00  00  00  00  00  00  00  00  00  00  00  00  00  00  00  00  
Block 209, type A, key 722bfcc5375f :00  00  00  00  00  00  00  00  00  00  00  00  00  00  00  00  
Block 208, type A, key 722bfcc5375f :08  00  00  00  00  00  00  00  00  00  00  00  00  00  22  64  
Block 207, type A, key 722bfcc5375f :00  00  00  00  00  00  78  77  88  00  00  00  00  00  00  00  
Block 206, type A, key 722bfcc5375f :00  00  00  00  00  00  00  00  00  00  00  00  00  00  00  00  
Block 205, type A, key 722bfcc5375f :00  00  00  00  00  00  00  00  00  00  00  00  00  00  00  00  
Block 204, type A, key 722bfcc5375f :a3  03  00  00  00  00  00  00  00  00  00  00  00  00  00  00  
Block 203, type A, key 722bfcc5375f :00  00  00  00  00  00  00  00  00  00  00  00  00  00  00  00  
Block 202, type A, key 722bfcc5375f :00  00  00  00  00  00  00  00  00  00  00  00  00  00  00  00  
Block 201, type A, key 722bfcc5375f :00  00  00  00  00  00  00  00  00  00  00  00  00  00  00  00  
Block 200, type A, key 722bfcc5375f :00  00  00  00  00  00  00  00  00  00  00  00  00  00  00  00  
Block 199, type A, key 722bfcc5375f :00  00  00  00  00  00  00  00  00  00  00  00  00  00  00  00  
Block 198, type A, key 722bfcc5375f :00  00  00  00  00  00  00  00  00  00  00  00  00  00  00  00  
Block 197, type A, key 722bfcc5375f :00  00  00  00  00  00  00  00  00  00  00  00  00  00  00  00  
Block 196, type A, key 722bfcc5375f :00  00  00  00  00  00  00  00  00  00  00  00  00  00  00  00  
Block 195, type A, key 722bfcc5375f :08  00  00  00  00  00  00  00  00  00  00  00  00  00  22  64  
Block 194, type A, key 722bfcc5375f :00  00  00  00  00  00  00  00  00  00  00  00  00  00  00  00  
Block 193, type A, key 722bfcc5375f :00  00  00  00  00  00  00  00  00  00  00  00  00  00  00  00  
Block 192, type A, key 722bfcc5375f :a3  03  00  00  00  00  00  00  00  00  00  00  00  00  00  00  
Block 191, type A, key 722bfcc5375f :00  00  00  00  00  00  78  77  88  00  00  00  00  00  00  00  
Block 190, type A, key 722bfcc5375f :00  00  00  00  00  00  00  00  00  00  00  00  00  00  00  00  
Block 189, type A, key 722bfcc5375f :00  00  00  00  00  00  00  00  00  00  00  00  00  00  00  00  
Block 188, type A, key 722bfcc5375f :00  00  00  00  00  00  00  00  00  00  00  00  00  00  00  00  
Block 187, type A, key 722bfcc5375f :00  00  00  00  00  00  00  00  00  00  00  00  00  00  00  00  
Block 186, type A, key 722bfcc5375f :00  00  00  00  00  00  00  00  00  00  00  00  00  00  00  00  
Block 185, type A, key 722bfcc5375f :00  00  00  00  00  00  00  00  00  00  00  00  00  00  00  00  
Block 184, type A, key 722bfcc5375f :00  00  00  00  00  00  00  00  00  00  00  00  00  00  00  00  
Block 183, type A, key 722bfcc5375f :00  00  00  00  00  00  00  00  00  00  00  00  00  00  00  00  
Block 182, type A, key 722bfcc5375f :00  00  00  00  00  00  00  00  00  00  00  00  00  00  00  00  
Block 181, type A, key 722bfcc5375f :00  00  00  00  00  00  00  00  00  00  00  00  00  00  00  00  
Block 180, type A, key 722bfcc5375f :00  00  00  00  00  00  00  00  00  00  00  00  00  00  00  00  
Block 179, type A, key 722bfcc5375f :00  00  00  00  00  00  00  00  00  00  00  00  00  00  00  00  
Block 178, type A, key 722bfcc5375f :00  00  00  00  00  00  00  00  00  00  00  00  00  00  00  00  
Block 177, type A, key 722bfcc5375f :00  00  00  00  00  00  00  00  00  00  00  00  00  00  00  00  
Block 176, type A, key 722bfcc5375f :00  00  00  00  00  00  00  00  00  00  00  00  00  00  00  00  
Block 175, type A, key 722bfcc5375f :00  00  00  00  00  00  78  77  88  00  00  00  00  00  00  00  
Block 174, type A, key 722bfcc5375f :00  00  00  00  00  00  00  00  00  00  00  00  00  00  00  00  
Block 173, type A, key 722bfcc5375f :00  00  00  00  00  00  00  00  00  00  00  00  00  00  00  00  
Block 172, type A, key 722bfcc5375f :00  00  00  00  00  00  00  00  00  00  00  00  00  00  00  00  
Block 171, type A, key 722bfcc5375f :00  00  00  00  00  00  00  00  00  00  00  00  00  00  00  00  
Block 170, type A, key 722bfcc5375f :00  00  00  00  00  00  00  00  00  00  00  00  00  00  00  00  
Block 169, type A, key 722bfcc5375f :00  00  00  00  00  00  00  00  00  00  00  00  00  00  00  00  
Block 168, type A, key 722bfcc5375f :00  00  00  00  00  00  00  00  00  00  00  00  00  00  00  00  
Block 167, type A, key 722bfcc5375f :00  00  00  00  00  00  00  00  00  00  00  00  00  00  00  00  
Block 166, type A, key 722bfcc5375f :00  00  00  00  00  00  00  00  00  00  00  00  00  00  00  00  
Block 165, type A, key 722bfcc5375f :00  00  00  00  00  00  00  00  00  00  00  00  00  00  00  00  
Block 164, type A, key 722bfcc5375f :00  00  00  00  00  00  00  00  00  00  00  00  00  00  00  00  
Block 163, type A, key 722bfcc5375f :00  00  00  00  00  00  00  00  00  00  00  00  00  00  00  00  
Block 162, type A, key 722bfcc5375f :00  00  00  00  00  00  00  00  00  00  00  00  00  00  00  00  
Block 161, type A, key 722bfcc5375f :00  00  00  00  00  00  00  00  00  00  00  00  00  00  00  00  
Block 160, type A, key 722bfcc5375f :00  00  00  00  00  00  00  00  00  00  00  00  00  00  00  00  
Block 159, type A, key 722bfcc5375f :00  00  00  00  00  00  78  77  88  00  00  00  00  00  00  00  
Block 158, type A, key 722bfcc5375f :00  00  00  00  00  00  00  00  00  00  00  00  00  00  00  00  
Block 157, type A, key 722bfcc5375f :00  00  00  00  00  00  00  00  00  00  00  00  00  00  00  00  
Block 156, type A, key 722bfcc5375f :00  00  00  00  00  00  00  00  00  00  00  00  00  00  00  00  
Block 155, type A, key 722bfcc5375f :00  00  00  00  00  00  00  00  00  00  00  00  00  00  00  00  
Block 154, type A, key 722bfcc5375f :00  00  00  00  00  00  00  00  00  00  00  00  00  00  00  00  
Block 153, type A, key 722bfcc5375f :00  00  00  00  00  00  00  00  00  00  00  00  00  00  00  00  
Block 152, type A, key 722bfcc5375f :00  00  00  00  00  00  00  00  00  00  00  00  00  00  00  00  
Block 151, type A, key 722bfcc5375f :00  00  00  00  00  00  00  00  00  00  00  00  00  00  00  00  
Block 150, type A, key 722bfcc5375f :00  00  00  00  00  00  00  00  00  00  00  00  00  00  00  00  
Block 149, type A, key 722bfcc5375f :00  00  00  00  00  00  00  00  00  00  00  00  00  00  00  00  
Block 148, type A, key 722bfcc5375f :00  00  00  00  00  00  00  00  00  00  00  00  00  00  00  00  
Block 147, type A, key 722bfcc5375f :00  00  00  00  00  00  00  00  00  00  00  00  00  00  00  00  
Block 146, type A, key 722bfcc5375f :00  00  00  00  00  00  00  00  00  00  00  00  00  00  00  00  
Block 145, type A, key 722bfcc5375f :00  00  00  00  00  00  00  00  00  00  00  00  00  00  00  00  
Block 144, type A, key 722bfcc5375f :00  00  00  00  00  00  00  00  00  00  00  00  00  00  00  00  
Block 143, type A, key 722bfcc5375f :00  00  00  00  00  00  78  77  88  00  00  00  00  00  00  00  
Block 142, type A, key 722bfcc5375f :00  00  00  00  00  00  00  00  00  00  00  00  00  00  00  00  
Block 141, type A, key 722bfcc5375f :00  00  00  00  00  00  00  00  00  00  00  00  00  00  00  00  
Block 140, type A, key 722bfcc5375f :00  00  00  00  00  00  00  00  00  00  00  00  00  00  00  00  
Block 139, type A, key 722bfcc5375f :00  00  00  00  00  00  00  00  00  00  00  00  00  00  00  00  
Block 138, type A, key 722bfcc5375f :00  00  00  00  00  00  00  00  00  00  00  00  00  00  00  00  
Block 137, type A, key 722bfcc5375f :00  00  00  00  00  00  00  00  00  00  00  00  00  00  00  00  
Block 136, type A, key 722bfcc5375f :00  00  00  00  00  00  00  00  00  00  00  00  00  00  00  00  
Block 135, type A, key 722bfcc5375f :00  00  00  00  00  00  00  00  00  00  00  00  00  00  00  00  
Block 134, type A, key 722bfcc5375f :00  00  00  00  00  00  00  00  00  00  00  00  00  00  00  00  
Block 133, type A, key 722bfcc5375f :00  00  00  00  00  00  00  00  00  00  00  00  00  00  00  00  
Block 132, type A, key 722bfcc5375f :00  00  00  00  00  00  00  00  00  00  00  00  00  00  00  00  
Block 131, type A, key 722bfcc5375f :00  00  00  00  00  00  00  00  00  00  00  00  00  00  00  00  
Block 130, type A, key 722bfcc5375f :00  00  00  00  00  00  00  00  00  00  00  00  00  00  00  00  
Block 129, type A, key 722bfcc5375f :00  00  00  00  00  00  00  00  00  00  00  00  00  00  00  00  
Block 128, type A, key 722bfcc5375f :00  00  00  00  00  00  00  00  00  00  00  00  00  00  00  00  
Block 127, type A, key 722bfcc5375f :00  00  00  00  00  00  78  77  88  00  00  00  00  00  00  00  
Block 126, type A, key 722bfcc5375f :00  00  00  00  00  00  00  00  00  00  00  00  00  00  00  00  
Block 125, type A, key 722bfcc5375f :00  00  00  00  00  00  00  00  00  00  00  00  00  00  00  00  
Block 124, type A, key 722bfcc5375f :00  00  00  00  00  00  00  00  00  00  00  00  00  00  00  00  
Block 123, type A, key 722bfcc5375f :00  00  00  00  00  00  78  77  88  00  00  00  00  00  00  00  
Block 122, type A, key 722bfcc5375f :00  00  00  00  00  00  00  00  00  00  00  00  00  00  00  00  
Block 121, type A, key 722bfcc5375f :00  00  00  00  00  00  00  00  00  00  00  00  00  00  00  00  
Block 120, type A, key 722bfcc5375f :00  00  00  00  00  00  00  00  00  00  00  00  00  00  00  00  
Block 119, type A, key 722bfcc5375f :00  00  00  00  00  00  78  77  88  00  00  00  00  00  00  00  
Block 118, type A, key 722bfcc5375f :00  00  00  00  00  00  00  00  00  00  00  00  00  00  00  00  
Block 117, type A, key 722bfcc5375f :00  00  00  00  00  00  00  00  00  00  00  00  00  00  00  00  
Block 116, type A, key 722bfcc5375f :00  00  00  00  00  00  00  00  00  00  00  00  00  00  00  00  
Block 115, type A, key 722bfcc5375f :00  00  00  00  00  00  78  77  88  00  00  00  00  00  00  00  
Block 114, type A, key 722bfcc5375f :00  00  00  00  00  00  00  00  00  00  00  00  00  00  00  00  
Block 113, type A, key 722bfcc5375f :00  00  00  00  00  00  00  00  00  00  00  00  00  00  00  00  
Block 112, type A, key 722bfcc5375f :00  00  00  00  00  00  00  00  00  00  00  00  00  00  00  00  
Block 111, type A, key 722bfcc5375f :00  00  00  00  00  00  78  77  88  00  00  00  00  00  00  00  
Block 110, type A, key 722bfcc5375f :00  00  00  00  00  00  00  00  00  00  00  00  00  00  00  00  
Block 109, type A, key 722bfcc5375f :00  00  00  00  00  00  00  00  00  00  00  00  00  00  00  00  
Block 108, type A, key 722bfcc5375f :00  00  00  00  00  00  00  00  00  00  00  00  00  00  00  00  
Block 107, type A, key 722bfcc5375f :00  00  00  00  00  00  78  77  88  00  00  00  00  00  00  00  
Block 106, type A, key 722bfcc5375f :00  00  00  00  00  00  00  00  00  00  00  00  00  00  00  00  
Block 105, type A, key 722bfcc5375f :00  00  00  00  00  00  00  00  00  00  00  00  00  00  00  00  
Block 104, type A, key 722bfcc5375f :00  00  00  00  00  00  00  00  00  00  00  00  00  00  00  00  
Block 103, type A, key 722bfcc5375f :00  00  00  00  00  00  78  77  88  00  00  00  00  00  00  00  
Block 102, type A, key 722bfcc5375f :00  00  00  00  00  00  00  00  00  00  00  00  00  00  00  00  
Block 101, type A, key 722bfcc5375f :00  00  00  00  00  00  00  00  00  00  00  00  00  00  00  00  
Block 100, type A, key 722bfcc5375f :00  00  00  00  00  00  00  00  00  00  00  00  00  00  00  00  
Block 99, type A, key 722bfcc5375f :00  00  00  00  00  00  78  77  88  00  00  00  00  00  00  00  
Block 98, type A, key 722bfcc5375f :00  00  00  00  00  00  00  00  00  00  00  00  00  00  00  00  
Block 97, type A, key 722bfcc5375f :00  00  00  00  00  00  00  00  00  00  00  00  00  00  00  00  
Block 96, type A, key 722bfcc5375f :00  00  00  00  00  00  00  00  00  00  00  00  00  00  00  00  
Block 95, type A, key 722bfcc5375f :00  00  00  00  00  00  78  77  88  00  00  00  00  00  00  00  
Block 94, type A, key 722bfcc5375f :00  00  00  00  00  00  00  00  00  00  00  00  00  00  00  00  
Block 93, type A, key 722bfcc5375f :00  00  00  00  00  00  00  00  00  00  00  00  00  00  00  00  
Block 92, type A, key 722bfcc5375f :00  00  00  00  00  00  00  00  00  00  00  00  00  00  00  00  
Block 91, type A, key 722bfcc5375f :00  00  00  00  00  00  78  77  88  00  00  00  00  00  00  00  
Block 90, type A, key 722bfcc5375f :00  00  00  00  00  00  00  00  00  00  00  00  00  00  00  00  
Block 89, type A, key 722bfcc5375f :00  00  00  00  00  00  00  00  00  00  00  00  00  00  00  00  
Block 88, type A, key 722bfcc5375f :00  00  00  00  00  00  00  00  00  00  00  00  00  00  00  00  
Block 87, type A, key 722bfcc5375f :00  00  00  00  00  00  78  77  88  00  00  00  00  00  00  00  
Block 86, type A, key 722bfcc5375f :00  00  00  00  00  00  00  00  00  00  00  00  00  00  00  00  
Block 85, type A, key 722bfcc5375f :00  00  00  00  00  00  00  00  00  00  00  00  00  00  00  00  
Block 84, type A, key 722bfcc5375f :00  00  00  00  00  00  00  00  00  00  00  00  00  00  00  00  
Block 83, type A, key 722bfcc5375f :00  00  00  00  00  00  78  77  88  00  00  00  00  00  00  00  
Block 82, type A, key 722bfcc5375f :00  00  00  00  00  00  00  00  00  00  00  00  00  00  00  00  
Block 81, type A, key 722bfcc5375f :00  00  00  00  00  00  00  00  00  00  00  00  00  00  00  00  
Block 80, type A, key 722bfcc5375f :00  00  00  00  00  00  00  00  00  00  00  00  00  00  00  00  
Block 79, type A, key 722bfcc5375f :00  00  00  00  00  00  78  77  88  00  00  00  00  00  00  00  
Block 78, type A, key 722bfcc5375f :00  00  00  00  00  00  00  00  00  00  00  00  00  00  00  00  
Block 77, type A, key 722bfcc5375f :00  00  00  00  00  00  00  00  00  00  00  00  00  00  00  00  
Block 76, type A, key 722bfcc5375f :00  00  00  00  00  00  00  00  00  00  00  00  00  00  00  00  
Block 75, type A, key 722bfcc5375f :00  00  00  00  00  00  78  77  88  00  00  00  00  00  00  00  
Block 74, type A, key 722bfcc5375f :00  00  00  00  00  00  00  00  00  00  00  00  00  00  00  00  
Block 73, type A, key 722bfcc5375f :00  00  00  00  00  00  00  00  00  00  00  00  00  00  00  00  
Block 72, type A, key 722bfcc5375f :00  00  00  00  00  00  00  00  00  00  00  00  00  00  00  00  
Block 71, type A, key 722bfcc5375f :00  00  00  00  00  00  78  77  88  00  00  00  00  00  00  00  
Block 70, type A, key 722bfcc5375f :00  00  00  00  00  00  00  00  00  00  00  00  00  00  00  00  
Block 69, type A, key 722bfcc5375f :00  00  00  00  00  00  00  00  00  00  00  00  00  00  00  00  
Block 68, type A, key 722bfcc5375f :00  00  00  00  00  00  00  00  00  00  00  00  00  00  00  00  
Block 67, type A, key 722bfcc5375f :00  00  00  00  00  00  78  77  88  00  00  00  00  00  00  00  
Block 66, type A, key 722bfcc5375f :00  00  00  00  00  00  00  00  00  00  00  00  00  00  00  00  
Block 65, type A, key 722bfcc5375f :01  96  00  00  00  00  00  00  00  00  00  00  00  04  aa  2e  
Block 64, type A, key 722bfcc5375f :a1  02  f4  d9  58  00  00  00  00  00  00  00  00  00  00  00  
Block 63, type A, key 722bfcc5375f :00  00  00  00  00  00  78  77  88  00  00  00  00  00  00  00  
Block 62, type A, key 722bfcc5375f :00  00  00  00  00  00  00  00  00  00  00  00  00  00  00  00  
Block 61, type A, key 722bfcc5375f :00  00  00  00  00  00  00  00  00  00  00  00  00  04  f3  a4  
Block 60, type A, key 722bfcc5375f :a1  02  f4  1d  48  00  00  00  00  00  00  00  00  00  00  00  
Block 59, type A, key 722bfcc5375f :00  00  00  00  00  00  78  77  88  00  00  00  00  00  00  00  
Block 58, type A, key 722bfcc5375f :00  00  00  00  00  00  00  00  00  00  00  00  00  00  00  00  
Block 57, type A, key 722bfcc5375f :00  00  00  00  00  00  00  00  00  00  00  00  00  00  00  00  
Block 56, type A, key 722bfcc5375f :1d  00  00  00  00  88  00  00  00  40  00  00  00  00  68  67  
Block 55, type A, key 722bfcc5375f :00  00  00  00  00  00  78  77  88  00  00  00  00  00  00  00  
Block 54, type A, key 722bfcc5375f :a2  02  f4  05  4c  b3  01  00  20  00  00  00  00  00  08  58  
Block 53, type A, key 722bfcc5375f :00  00  00  00  00  00  00  00  00  40  00  00  00  00  cf  45  
Block 52, type A, key 722bfcc5375f :a2  02  f4  05  4c  b3  01  00  20  00  00  00  00  00  00  00  
Block 51, type A, key 0297927c0f77 :00  00  00  00  00  00  78  77  88  00  00  00  00  00  00  00  
Block 50, type A, key 0297927c0f77 :00  00  00  00  00  00  00  00  00  00  00  00  00  00  00  00  
Block 49, type A, key 0297927c0f77 :00  00  00  00  00  00  00  00  00  00  00  00  00  00  00  00  
Block 48, type A, key 0297927c0f77 :00  00  00  00  00  00  00  00  00  00  00  00  00  00  00  00  
Block 47, type A, key 0297927c0f77 :00  00  00  00  00  00  78  77  88  00  00  00  00  00  00  00  
Block 46, type A, key 0297927c0f77 :00  00  00  00  00  00  00  00  00  00  00  00  00  00  00  00  
Block 45, type A, key 0297927c0f77 :00  00  00  00  00  00  00  00  00  00  00  00  00  00  00  00  
Block 44, type A, key 0297927c0f77 :00  00  00  00  00  00  00  00  00  00  00  00  00  00  00  00  
Block 43, type A, key 0297927c0f77 :00  00  00  00  00  00  78  77  88  00  00  00  00  00  00  00  
Block 42, type A, key 0297927c0f77 :00  00  00  00  00  00  00  00  00  00  00  00  00  00  00  00  
Block 41, type A, key 0297927c0f77 :00  00  00  00  00  00  00  00  00  00  00  00  00  00  00  00  
Block 40, type A, key 0297927c0f77 :00  00  00  00  00  00  00  00  00  00  00  00  00  00  00  00  
Block 39, type A, key 0297927c0f77 :00  00  00  00  00  00  78  77  88  00  00  00  00  00  00  00  
Block 38, type A, key 0297927c0f77 :02  00  10  27  00  01  36  60  05  00  00  00  40  00  85  75  
Block 37, type A, key 0297927c0f77 :01  00  00  00  00  01  00  00  00  00  00  00  40  00  14  c7  
Block 36, type A, key 0297927c0f77 :85  04  f4  01  00  00  00  00  00  00  00  00  00  00  00  00  
Block 35, type A, key 0297927c0f77 :00  00  00  00  00  00  78  77  88  00  00  00  00  00  00  00  
Block 34, type A, key 0297927c0f77 :00  00  00  00  00  00  00  00  00  00  00  00  00  00  00  00  
Block 33, type A, key 0297927c0f77 :00  00  00  00  00  00  00  00  00  00  00  00  00  00  00  00  
Block 32, type A, key 0297927c0f77 :00  00  00  00  00  00  00  00  00  00  00  00  00  00  00  00  
Block 31, type A, key fc00018778f7 :00  00  00  00  00  00  78  77  88  00  00  00  00  00  00  00  
Block 30, type A, key fc00018778f7 :84  36  16  e0  9a  f5  01  13  00  d6  08  00  00  36  60  05  
Block 29, type A, key fc00018778f7 :84  36  16  e0  9a  f5  09  13  00  57  62  03  56  00  00  00  
Block 28, type A, key fc00018778f7 :84  36  16  e0  9a  f5  0d  13  00  88  0d  58  01  c4  09  00  
Block 27, type A, key fc00018778f7 :00  00  00  00  00  00  78  77  88  00  00  00  00  00  00  00  
Block 26, type A, key fc00018778f7 :84  07  52  a6  3f  f4  01  00  00  16  00  00  00  00  00  ff  
Block 25, type A, key fc00018778f7 :84  07  52  a6  3f  f4  01  00  00  16  00  00  00  00  00  ff  
Block 24, type A, key fc00018778f7 :84  07  52  a6  3f  f4  01  00  00  16  00  00  00  00  00  ff  
Block 23, type A, key fc00018778f7 :00  00  00  00  00  00  78  77  88  00  00  00  00  00  00  00  
Block 22, type A, key fc00018778f7 :84  07  52  a6  3f  f4  01  00  00  16  00  00  00  00  00  ff  
Block 21, type A, key fc00018778f7 :84  07  52  a6  3f  f4  01  00  00  16  00  00  00  00  00  ff  
Block 20, type A, key fc00018778f7 :84  07  52  a6  3f  f4  01  00  00  16  00  00  00  00  00  ff  
Block 19, type A, key fc00018778f7 :00  00  00  00  00  00  78  77  88  00  00  00  00  00  00  00  
Block 18, type A, key fc00018778f7 :84  07  52  a6  3f  f4  01  00  00  16  00  00  00  00  00  ff  
Block 17, type A, key fc00018778f7 :84  07  52  a6  3f  f4  01  00  00  16  00  00  00  00  00  ff  
Block 16, type A, key fc00018778f7 :84  07  52  a6  3f  f4  01  00  00  16  00  00  00  00  00  ff  
Block 15, type A, key fc00018778f7 :00  00  00  00  00  00  78  77  88  00  00  00  00  00  00  00  
Block 14, type A, key fc00018778f7 :84  07  52  a6  3f  f4  01  00  00  16  00  00  00  00  00  ff  
Block 13, type A, key fc00018778f7 :84  07  52  a6  3f  f4  01  00  00  16  00  00  00  00  00  ff  
Block 12, type A, key fc00018778f7 :84  07  52  a6  3f  f4  01  00  00  16  00  00  00  00  00  ff  
Block 11, type A, key fc00018778f7 :00  00  00  00  00  00  78  77  88  00  00  00  00  00  00  00  
Block 10, type A, key fc00018778f7 :00  00  00  00  00  00  00  00  00  00  00  00  00  00  00  00  
Block 09, type A, key fc00018778f7 :00  00  00  00  00  00  00  00  00  00  00  00  00  00  00  00  
Block 08, type A, key fc00018778f7 :00  00  00  00  00  00  00  00  00  00  00  00  00  00  00  00  
Block 07, type A, key fc00018778f7 :00  00  00  00  00  00  78  77  88  00  00  00  00  00  00  00  
Block 06, type A, key fc00018778f7 :00  00  00  00  00  00  00  00  00  00  00  00  00  00  00  0b  
Block 05, type A, key fc00018778f7 :00  00  00  00  00  00  00  00  00  00  00  00  00  00  00  0b  
Block 04, type A, key fc00018778f7 :00  00  00  00  00  00  00  00  00  00  00  00  00  00  00  0b  
Block 03, type A, key fc00018778f7 :00  00  00  00  00  00  78  77  88  00  00  00  00  00  00  00  
Block 02, type A, key fc00018778f7 :00  00  04  f4  61  75  01  08  22  02  00  00  00  00  26  ed  
Block 01, type A, key fc00018778f7 :00  00  04  f4  b5  66  21  08  22  02  00  00  00  00  40  56  
Block 00, type A, key fc00018778f7 :1b  ac  09  55  eb  98  02  00  64  8e  d5  d3  45  00  09  09  
